Copyright 1986-2017 Xilinx, Inc. All Rights Reserved.
------------------------------------------------------------------------------------------------------------------------------------------------
| Tool Version : Vivado v.2017.3 (lin64) Build 2018833 Wed Oct  4 19:58:07 MDT 2017
| Date         : Thu Sep 19 14:00:48 2019
| Host         : deepraj-Aurora-R4 running 64-bit Ubuntu 18.04.1 LTS
| Command      : report_timing_summary -file rotate_top_timing_summary_routed.rpt -warn_on_violation -rpx rotate_fpga_timing_summary_routed.rpx
| Design       : rotate_top
| Device       : 7a35t-cpg236
| Speed File   : -1  PRODUCTION 1.19 2017-08-11
------------------------------------------------------------------------------------------------------------------------------------------------

Timing Summary Report

------------------------------------------------------------------------------------------------
| Timer Settings
| --------------
------------------------------------------------------------------------------------------------

  Enable Multi Corner Analysis               :  Yes
  Enable Pessimism Removal                   :  Yes
  Pessimism Removal Resolution               :  Nearest Common Node
  Enable Input Delay Default Clock           :  No
  Enable Preset / Clear Arcs                 :  No
  Disable Flight Delays                      :  No
  Ignore I/O Paths                           :  No
  Timing Early Launch at Borrowing Latches   :  false

  Corner  Analyze    Analyze    
  Name    Max Paths  Min Paths  
  ------  ---------  ---------  
  Slow    Yes        Yes        
  Fast    Yes        Yes        



check_timing report

Table of Contents
-----------------
1. checking no_clock
2. checking constant_clock
3. checking pulse_width_clock
4. checking unconstrained_internal_endpoints
5. checking no_input_delay
6. checking no_output_delay
7. checking multiple_clock
8. checking generated_clocks
9. checking loops
10. checking partial_input_delay
11. checking partial_output_delay
12. checking latch_loops

1. checking no_clock
--------------------
 There are 37 register/latch pins with no clock driven by root clock pin: rx_counter_reg[0]/Q (HIGH)

 There are 37 register/latch pins with no clock driven by root clock pin: rx_counter_reg[1]/Q (HIGH)

 There are 37 register/latch pins with no clock driven by root clock pin: rx_counter_reg[2]/Q (HIGH)


2. checking constant_clock
--------------------------
 There are 0 register/latch pins with constant_clock.


3. checking pulse_width_clock
-----------------------------
 There are 0 register/latch pins which need pulse_width check


4. checking unconstrained_internal_endpoints
--------------------------------------------
 There are 37 pins that are not constrained for maximum delay. (HIGH)

 There are 0 pins that are not constrained for maximum delay due to constant clock.


5. checking no_input_delay
--------------------------
 There are 2 input ports with no input delay specified. (HIGH)

 There are 0 input ports with no input delay but user has a false path constraint.


6. checking no_output_delay
---------------------------
 There is 1 port with no output delay specified. (HIGH)

 There are 0 ports with no output delay but user has a false path constraint

 There are 0 ports with no output delay but with a timing clock defined on it or propagating through it


7. checking multiple_clock
--------------------------
 There are 0 register/latch pins with multiple clocks.


8. checking generated_clocks
----------------------------
 There are 0 generated clocks that are not connected to a clock source.


9. checking loops
-----------------
 There are 0 combinational loops in the design.


10. checking partial_input_delay
--------------------------------
 There are 0 input ports with partial input delay specified.


11. checking partial_output_delay
---------------------------------
 There are 0 ports with partial output delay specified.


12. checking latch_loops
------------------------
 There are 0 combinational latch loops in the design through latch input



------------------------------------------------------------------------------------------------
| Design Timing Summary
| ---------------------
------------------------------------------------------------------------------------------------

    WNS(ns)      TNS(ns)  TNS Failing Endpoints  TNS Total Endpoints      WHS(ns)      THS(ns)  THS Failing Endpoints  THS Total Endpoints     WPWS(ns)     TPWS(ns)  TPWS Failing Endpoints  TPWS Total Endpoints  
    -------      -------  ---------------------  -------------------      -------      -------  ---------------------  -------------------     --------     --------  ----------------------  --------------------  
      4.463        0.000                      0                  175        0.150        0.000                      0                  175        4.500        0.000                       0                   123  


All user specified timing constraints are met.


------------------------------------------------------------------------------------------------
| Clock Summary
| -------------
------------------------------------------------------------------------------------------------

Clock        Waveform(ns)       Period(ns)      Frequency(MHz)
-----        ------------       ----------      --------------
sys_clk_pin  {0.000 5.000}      10.000          100.000         


------------------------------------------------------------------------------------------------
| Intra Clock Table
| -----------------
------------------------------------------------------------------------------------------------

Clock             WNS(ns)      TNS(ns)  TNS Failing Endpoints  TNS Total Endpoints      WHS(ns)      THS(ns)  THS Failing Endpoints  THS Total Endpoints     WPWS(ns)     TPWS(ns)  TPWS Failing Endpoints  TPWS Total Endpoints  
-----             -------      -------  ---------------------  -------------------      -------      -------  ---------------------  -------------------     --------     --------  ----------------------  --------------------  
sys_clk_pin         4.463        0.000                      0                  175        0.150        0.000                      0                  175        4.500        0.000                       0                   123  


------------------------------------------------------------------------------------------------
| Inter Clock Table
| -----------------
------------------------------------------------------------------------------------------------

From Clock    To Clock          WNS(ns)      TNS(ns)  TNS Failing Endpoints  TNS Total Endpoints      WHS(ns)      THS(ns)  THS Failing Endpoints  THS Total Endpoints  
----------    --------          -------      -------  ---------------------  -------------------      -------      -------  ---------------------  -------------------  


------------------------------------------------------------------------------------------------
| Other Path Groups Table
| -----------------------
------------------------------------------------------------------------------------------------

Path Group    From Clock    To Clock          WNS(ns)      TNS(ns)  TNS Failing Endpoints  TNS Total Endpoints      WHS(ns)      THS(ns)  THS Failing Endpoints  THS Total Endpoints  
----------    ----------    --------          -------      -------  ---------------------  -------------------      -------      -------  ---------------------  -------------------  


------------------------------------------------------------------------------------------------
| Timing Details
| --------------
------------------------------------------------------------------------------------------------


---------------------------------------------------------------------------------------------------
From Clock:  sys_clk_pin
  To Clock:  sys_clk_pin

Setup :            0  Failing Endpoints,  Worst Slack        4.463ns,  Total Violation        0.000ns
Hold  :            0  Failing Endpoints,  Worst Slack        0.150ns,  Total Violation        0.000ns
PW    :            0  Failing Endpoints,  Worst Slack        4.500ns,  Total Violation        0.000ns
---------------------------------------------------------------------------------------------------


Max Delay Paths
--------------------------------------------------------------------------------------
Slack (MET) :             4.463ns  (required time - arrival time)
  Source:                 delay_counter_reg[3]/C
                            (rising edge-triggered cell FDSE clocked by sys_clk_pin  {rise@0.000ns fall@5.000ns period=10.000ns})
  Destination:            u_uart_wrapper/counter_d_reg[0]/D
                            (rising edge-triggered cell FDRE clocked by sys_clk_pin  {rise@0.000ns fall@5.000ns period=10.000ns})
  Path Group:             sys_clk_pin
  Path Type:              Setup (Max at Slow Process Corner)
  Requirement:            10.000ns  (sys_clk_pin rise@10.000ns - sys_clk_pin rise@0.000ns)
  Data Path Delay:        5.508ns  (logic 1.950ns (35.404%)  route 3.558ns (64.596%))
  Logic Levels:           7  (LUT4=1 LUT5=1 LUT6=4 MUXF7=1)
  Clock Path Skew:        -0.023ns (DCD - SCD + CPR)
    Destination Clock Delay (DCD):    4.841ns = ( 14.841 - 10.000 ) 
    Source Clock Delay      (SCD):    5.135ns
    Clock Pessimism Removal (CPR):    0.271ns
  Clock Uncertainty:      0.035ns  ((TSJ^2 + TIJ^2)^1/2 + DJ) / 2 + PE
    Total System Jitter     (TSJ):    0.071ns
    Total Input Jitter      (TIJ):    0.000ns
    Discrete Jitter          (DJ):    0.000ns
    Phase Error              (PE):    0.000ns

    Location             Delay type                Incr(ns)  Path(ns)    Netlist Resource(s)
  -------------------------------------------------------------------    -------------------
                         (clock sys_clk_pin rise edge)
                                                      0.000     0.000 r  
    W5                                                0.000     0.000 r  CLK100MHZ (IN)
                         net (fo=0)                   0.000     0.000    CLK100MHZ
    W5                   IBUF (Prop_ibuf_I_O)         1.458     1.458 r  CLK100MHZ_IBUF_inst/O
                         net (fo=1, routed)           1.967     3.425    CLK100MHZ_IBUF
    BUFGCTRL_X0Y0        BUFG (Prop_bufg_I_O)         0.096     3.521 r  CLK100MHZ_IBUF_BUFG_inst/O
                         net (fo=122, routed)         1.614     5.135    CLK100MHZ_IBUF_BUFG
    SLICE_X4Y67          FDSE                                         r  delay_counter_reg[3]/C
  -------------------------------------------------------------------    -------------------
    SLICE_X4Y67          FDSE (Prop_fdse_C_Q)         0.419     5.554 r  delay_counter_reg[3]/Q
                         net (fo=3, routed)           1.022     6.576    delay_counter[3]
    SLICE_X5Y67          LUT6 (Prop_lut6_I1_O)        0.296     6.872 r  u_uart_wrapper_i_92/O
                         net (fo=1, routed)           0.430     7.302    u_uart_wrapper_i_92_n_0
    SLICE_X7Y67          LUT6 (Prop_lut6_I2_O)        0.124     7.426 r  u_uart_wrapper_i_59/O
                         net (fo=1, routed)           0.263     7.688    u_uart_wrapper_i_59_n_0
    SLICE_X7Y67          LUT6 (Prop_lut6_I2_O)        0.124     7.812 r  u_uart_wrapper_i_26/O
                         net (fo=3, routed)           0.728     8.540    u_uart_wrapper_i_26_n_0
    SLICE_X4Y65          LUT4 (Prop_lut4_I3_O)        0.150     8.690 r  u_uart_wrapper_i_9/O
                         net (fo=5, routed)           0.475     9.165    u_uart_wrapper/uart/uart_tx_i/out
    SLICE_X3Y66          LUT5 (Prop_lut5_I4_O)        0.326     9.491 r  u_uart_wrapper/uart/uart_tx_i/state_d[0]_i_2/O
                         net (fo=1, routed)           0.000     9.491    u_uart_wrapper/uart/uart_tx_i/state_d[0]_i_2_n_0
    SLICE_X3Y66          MUXF7 (Prop_muxf7_I0_O)      0.212     9.703 r  u_uart_wrapper/uart/uart_tx_i/state_d_reg[0]_i_1/O
                         net (fo=5, routed)           0.641    10.344    u_uart_wrapper/uart/uart_tx_i/state_d_reg[0]
    SLICE_X4Y66          LUT6 (Prop_lut6_I1_O)        0.299    10.643 r  u_uart_wrapper/uart/uart_tx_i/counter_d[0]_i_1/O
                         net (fo=1, routed)           0.000    10.643    u_uart_wrapper/uart_n_3
    SLICE_X4Y66          FDRE                                         r  u_uart_wrapper/counter_d_reg[0]/D
  -------------------------------------------------------------------    -------------------

                         (clock sys_clk_pin rise edge)
                                                     10.000    10.000 r  
    W5                                                0.000    10.000 r  CLK100MHZ (IN)
                         net (fo=0)                   0.000    10.000    CLK100MHZ
    W5                   IBUF (Prop_ibuf_I_O)         1.388    11.388 r  CLK100MHZ_IBUF_inst/O
                         net (fo=1, routed)           1.862    13.250    CLK100MHZ_IBUF
    BUFGCTRL_X0Y0        BUFG (Prop_bufg_I_O)         0.091    13.341 r  CLK100MHZ_IBUF_BUFG_inst/O
                         net (fo=122, routed)         1.500    14.841    u_uart_wrapper/CLK
    SLICE_X4Y66          FDRE                                         r  u_uart_wrapper/counter_d_reg[0]/C
                         clock pessimism              0.271    15.112    
                         clock uncertainty           -0.035    15.077    
    SLICE_X4Y66          FDRE (Setup_fdre_C_D)        0.029    15.106    u_uart_wrapper/counter_d_reg[0]
  -------------------------------------------------------------------
                         required time                         15.106    
                         arrival time                         -10.643    
  -------------------------------------------------------------------
                         slack                                  4.463    





Min Delay Paths
--------------------------------------------------------------------------------------
Slack (MET) :             0.150ns  (arrival time - required time)
  Source:                 u_uart_wrapper/uart/uart_clk_cnt_reg[5]/C
                            (rising edge-triggered cell FDRE clocked by sys_clk_pin  {rise@0.000ns fall@5.000ns period=10.000ns})
  Destination:            u_uart_wrapper/uart/uart_clk_cnt_reg[4]/D
                            (rising edge-triggered cell FDRE clocked by sys_clk_pin  {rise@0.000ns fall@5.000ns period=10.000ns})
  Path Group:             sys_clk_pin
  Path Type:              Hold (Min at Fast Process Corner)
  Requirement:            0.000ns  (sys_clk_pin rise@0.000ns - sys_clk_pin rise@0.000ns)
  Data Path Delay:        0.284ns  (logic 0.186ns (65.421%)  route 0.098ns (34.579%))
  Logic Levels:           1  (LUT6=1)
  Clock Path Skew:        0.013ns (DCD - SCD - CPR)
    Destination Clock Delay (DCD):    1.949ns
    Source Clock Delay      (SCD):    1.437ns
    Clock Pessimism Removal (CPR):    0.499ns

    Location             Delay type                Incr(ns)  Path(ns)    Netlist Resource(s)
  -------------------------------------------------------------------    -------------------
                         (clock sys_clk_pin rise edge)
                                                      0.000     0.000 r  
    W5                                                0.000     0.000 r  CLK100MHZ (IN)
                         net (fo=0)                   0.000     0.000    CLK100MHZ
    W5                   IBUF (Prop_ibuf_I_O)         0.226     0.226 r  CLK100MHZ_IBUF_inst/O
                         net (fo=1, routed)           0.631     0.858    CLK100MHZ_IBUF
    BUFGCTRL_X0Y0        BUFG (Prop_bufg_I_O)         0.026     0.884 r  CLK100MHZ_IBUF_BUFG_inst/O
                         net (fo=122, routed)         0.554     1.437    u_uart_wrapper/uart/CLK
    SLICE_X13Y71         FDRE                                         r  u_uart_wrapper/uart/uart_clk_cnt_reg[5]/C
  -------------------------------------------------------------------    -------------------
    SLICE_X13Y71         FDRE (Prop_fdre_C_Q)         0.141     1.578 f  u_uart_wrapper/uart/uart_clk_cnt_reg[5]/Q
                         net (fo=6, routed)           0.098     1.677    u_uart_wrapper/uart/uart_clk_cnt_reg_n_0_[5]
    SLICE_X12Y71         LUT6 (Prop_lut6_I5_O)        0.045     1.722 r  u_uart_wrapper/uart/uart_clk_cnt[4]_i_1/O
                         net (fo=1, routed)           0.000     1.722    u_uart_wrapper/uart/uart_clk_cnt[4]
    SLICE_X12Y71         FDRE                                         r  u_uart_wrapper/uart/uart_clk_cnt_reg[4]/D
  -------------------------------------------------------------------    -------------------

                         (clock sys_clk_pin rise edge)
                                                      0.000     0.000 r  
    W5                                                0.000     0.000 r  CLK100MHZ (IN)
                         net (fo=0)                   0.000     0.000    CLK100MHZ
    W5                   IBUF (Prop_ibuf_I_O)         0.414     0.414 r  CLK100MHZ_IBUF_inst/O
                         net (fo=1, routed)           0.685     1.099    CLK100MHZ_IBUF
    BUFGCTRL_X0Y0        BUFG (Prop_bufg_I_O)         0.029     1.128 r  CLK100MHZ_IBUF_BUFG_inst/O
                         net (fo=122, routed)         0.822     1.949    u_uart_wrapper/uart/CLK
    SLICE_X12Y71         FDRE                                         r  u_uart_wrapper/uart/uart_clk_cnt_reg[4]/C
                         clock pessimism             -0.499     1.450    
    SLICE_X12Y71         FDRE (Hold_fdre_C_D)         0.121     1.571    u_uart_wrapper/uart/uart_clk_cnt_reg[4]
  -------------------------------------------------------------------
                         required time                         -1.571    
                         arrival time                           1.722    
  -------------------------------------------------------------------
                         slack                                  0.150    





Pulse Width Checks
--------------------------------------------------------------------------------------
Clock Name:         sys_clk_pin
Waveform(ns):       { 0.000 5.000 }
Period(ns):         10.000
Sources:            { CLK100MHZ }

Check Type        Corner  Lib Pin  Reference Pin  Required(ns)  Actual(ns)  Slack(ns)  Location       Pin
Min Period        n/a     BUFG/I   n/a            2.155         10.000      7.845      BUFGCTRL_X0Y0  CLK100MHZ_IBUF_BUFG_inst/I
Low Pulse Width   Slow    FDRE/C   n/a            0.500         5.000       4.500      SLICE_X2Y61    a_d_reg[10]/C
High Pulse Width  Slow    FDRE/C   n/a            0.500         5.000       4.500      SLICE_X8Y61    b_d_reg[0]/C



