
*** Running vivado
    with args -log rotate_fpga.vdi -applog -m64 -product Vivado -messageDb vivado.pb -mode batch -source rotate_fpga.tcl -notrace


****** Vivado v2017.3 (64-bit)
  **** SW Build 2018833 on Wed Oct  4 19:58:07 MDT 2017
  **** IP Build 2016188 on Wed Oct  4 21:52:56 MDT 2017
    ** Copyright 1986-2017 Xilinx, Inc. All Rights Reserved.

source rotate_fpga.tcl -notrace
Command: link_design -top rotate_fpga -part xc7a35tcpg236-1
Design is defaulting to srcset: sources_1
Design is defaulting to constrset: constrs_1
INFO: [Netlist 29-17] Analyzing 16 Unisim elements for replacement
INFO: [Netlist 29-28] Unisim Transformation completed in 0 CPU seconds
INFO: [Project 1-479] Netlist was created with Vivado 2017.3
INFO: [Device 21-403] Loading part xc7a35tcpg236-1
INFO: [Project 1-570] Preparing netlist for logic optimization
Parsing XDC File [/media/deepraj/Work/workspace/Lecture/Hardwar_security/homework/rotate/rotate.srcs/constrs_2/imports/new/basys3.xdc]
WARNING: [Vivado 12-584] No ports matched 'sw[0]'. [/media/deepraj/Work/workspace/Lecture/Hardwar_security/homework/rotate/rotate.srcs/constrs_2/imports/new/basys3.xdc:12]
CRITICAL WARNING: [Common 17-55] 'set_property' expects at least one object. [/media/deepraj/Work/workspace/Lecture/Hardwar_security/homework/rotate/rotate.srcs/constrs_2/imports/new/basys3.xdc:12]
Resolution: If [get_<value>] was used to populate the object, check to make sure this command returns at least one valid object.
WARNING: [Vivado 12-584] No ports matched 'sw[0]'. [/media/deepraj/Work/workspace/Lecture/Hardwar_security/homework/rotate/rotate.srcs/constrs_2/imports/new/basys3.xdc:13]
CRITICAL WARNING: [Common 17-55] 'set_property' expects at least one object. [/media/deepraj/Work/workspace/Lecture/Hardwar_security/homework/rotate/rotate.srcs/constrs_2/imports/new/basys3.xdc:13]
Resolution: If [get_<value>] was used to populate the object, check to make sure this command returns at least one valid object.
WARNING: [Vivado 12-584] No ports matched 'sw[1]'. [/media/deepraj/Work/workspace/Lecture/Hardwar_security/homework/rotate/rotate.srcs/constrs_2/imports/new/basys3.xdc:14]
CRITICAL WARNING: [Common 17-55] 'set_property' expects at least one object. [/media/deepraj/Work/workspace/Lecture/Hardwar_security/homework/rotate/rotate.srcs/constrs_2/imports/new/basys3.xdc:14]
Resolution: If [get_<value>] was used to populate the object, check to make sure this command returns at least one valid object.
WARNING: [Vivado 12-584] No ports matched 'sw[1]'. [/media/deepraj/Work/workspace/Lecture/Hardwar_security/homework/rotate/rotate.srcs/constrs_2/imports/new/basys3.xdc:15]
CRITICAL WARNING: [Common 17-55] 'set_property' expects at least one object. [/media/deepraj/Work/workspace/Lecture/Hardwar_security/homework/rotate/rotate.srcs/constrs_2/imports/new/basys3.xdc:15]
Resolution: If [get_<value>] was used to populate the object, check to make sure this command returns at least one valid object.
WARNING: [Vivado 12-584] No ports matched 'LED[0]'. [/media/deepraj/Work/workspace/Lecture/Hardwar_security/homework/rotate/rotate.srcs/constrs_2/imports/new/basys3.xdc:47]
CRITICAL WARNING: [Common 17-55] 'set_property' expects at least one object. [/media/deepraj/Work/workspace/Lecture/Hardwar_security/homework/rotate/rotate.srcs/constrs_2/imports/new/basys3.xdc:47]
Resolution: If [get_<value>] was used to populate the object, check to make sure this command returns at least one valid object.
WARNING: [Vivado 12-584] No ports matched 'LED[0]'. [/media/deepraj/Work/workspace/Lecture/Hardwar_security/homework/rotate/rotate.srcs/constrs_2/imports/new/basys3.xdc:48]
CRITICAL WARNING: [Common 17-55] 'set_property' expects at least one object. [/media/deepraj/Work/workspace/Lecture/Hardwar_security/homework/rotate/rotate.srcs/constrs_2/imports/new/basys3.xdc:48]
Resolution: If [get_<value>] was used to populate the object, check to make sure this command returns at least one valid object.
WARNING: [Vivado 12-584] No ports matched 'LED[1]'. [/media/deepraj/Work/workspace/Lecture/Hardwar_security/homework/rotate/rotate.srcs/constrs_2/imports/new/basys3.xdc:49]
CRITICAL WARNING: [Common 17-55] 'set_property' expects at least one object. [/media/deepraj/Work/workspace/Lecture/Hardwar_security/homework/rotate/rotate.srcs/constrs_2/imports/new/basys3.xdc:49]
Resolution: If [get_<value>] was used to populate the object, check to make sure this command returns at least one valid object.
WARNING: [Vivado 12-584] No ports matched 'LED[1]'. [/media/deepraj/Work/workspace/Lecture/Hardwar_security/homework/rotate/rotate.srcs/constrs_2/imports/new/basys3.xdc:50]
CRITICAL WARNING: [Common 17-55] 'set_property' expects at least one object. [/media/deepraj/Work/workspace/Lecture/Hardwar_security/homework/rotate/rotate.srcs/constrs_2/imports/new/basys3.xdc:50]
Resolution: If [get_<value>] was used to populate the object, check to make sure this command returns at least one valid object.
WARNING: [Vivado 12-584] No ports matched 'LED[2]'. [/media/deepraj/Work/workspace/Lecture/Hardwar_security/homework/rotate/rotate.srcs/constrs_2/imports/new/basys3.xdc:51]
CRITICAL WARNING: [Common 17-55] 'set_property' expects at least one object. [/media/deepraj/Work/workspace/Lecture/Hardwar_security/homework/rotate/rotate.srcs/constrs_2/imports/new/basys3.xdc:51]
Resolution: If [get_<value>] was used to populate the object, check to make sure this command returns at least one valid object.
WARNING: [Vivado 12-584] No ports matched 'LED[2]'. [/media/deepraj/Work/workspace/Lecture/Hardwar_security/homework/rotate/rotate.srcs/constrs_2/imports/new/basys3.xdc:52]
CRITICAL WARNING: [Common 17-55] 'set_property' expects at least one object. [/media/deepraj/Work/workspace/Lecture/Hardwar_security/homework/rotate/rotate.srcs/constrs_2/imports/new/basys3.xdc:52]
Resolution: If [get_<value>] was used to populate the object, check to make sure this command returns at least one valid object.
WARNING: [Vivado 12-584] No ports matched 'LED[3]'. [/media/deepraj/Work/workspace/Lecture/Hardwar_security/homework/rotate/rotate.srcs/constrs_2/imports/new/basys3.xdc:53]
CRITICAL WARNING: [Common 17-55] 'set_property' expects at least one object. [/media/deepraj/Work/workspace/Lecture/Hardwar_security/homework/rotate/rotate.srcs/constrs_2/imports/new/basys3.xdc:53]
Resolution: If [get_<value>] was used to populate the object, check to make sure this command returns at least one valid object.
WARNING: [Vivado 12-584] No ports matched 'LED[3]'. [/media/deepraj/Work/workspace/Lecture/Hardwar_security/homework/rotate/rotate.srcs/constrs_2/imports/new/basys3.xdc:54]
CRITICAL WARNING: [Common 17-55] 'set_property' expects at least one object. [/media/deepraj/Work/workspace/Lecture/Hardwar_security/homework/rotate/rotate.srcs/constrs_2/imports/new/basys3.xdc:54]
Resolution: If [get_<value>] was used to populate the object, check to make sure this command returns at least one valid object.
WARNING: [Vivado 12-584] No ports matched 'LED[4]'. [/media/deepraj/Work/workspace/Lecture/Hardwar_security/homework/rotate/rotate.srcs/constrs_2/imports/new/basys3.xdc:55]
CRITICAL WARNING: [Common 17-55] 'set_property' expects at least one object. [/media/deepraj/Work/workspace/Lecture/Hardwar_security/homework/rotate/rotate.srcs/constrs_2/imports/new/basys3.xdc:55]
Resolution: If [get_<value>] was used to populate the object, check to make sure this command returns at least one valid object.
WARNING: [Vivado 12-584] No ports matched 'LED[4]'. [/media/deepraj/Work/workspace/Lecture/Hardwar_security/homework/rotate/rotate.srcs/constrs_2/imports/new/basys3.xdc:56]
CRITICAL WARNING: [Common 17-55] 'set_property' expects at least one object. [/media/deepraj/Work/workspace/Lecture/Hardwar_security/homework/rotate/rotate.srcs/constrs_2/imports/new/basys3.xdc:56]
Resolution: If [get_<value>] was used to populate the object, check to make sure this command returns at least one valid object.
WARNING: [Vivado 12-584] No ports matched 'LED[5]'. [/media/deepraj/Work/workspace/Lecture/Hardwar_security/homework/rotate/rotate.srcs/constrs_2/imports/new/basys3.xdc:57]
CRITICAL WARNING: [Common 17-55] 'set_property' expects at least one object. [/media/deepraj/Work/workspace/Lecture/Hardwar_security/homework/rotate/rotate.srcs/constrs_2/imports/new/basys3.xdc:57]
Resolution: If [get_<value>] was used to populate the object, check to make sure this command returns at least one valid object.
WARNING: [Vivado 12-584] No ports matched 'LED[5]'. [/media/deepraj/Work/workspace/Lecture/Hardwar_security/homework/rotate/rotate.srcs/constrs_2/imports/new/basys3.xdc:58]
CRITICAL WARNING: [Common 17-55] 'set_property' expects at least one object. [/media/deepraj/Work/workspace/Lecture/Hardwar_security/homework/rotate/rotate.srcs/constrs_2/imports/new/basys3.xdc:58]
Resolution: If [get_<value>] was used to populate the object, check to make sure this command returns at least one valid object.
WARNING: [Vivado 12-584] No ports matched 'LED[6]'. [/media/deepraj/Work/workspace/Lecture/Hardwar_security/homework/rotate/rotate.srcs/constrs_2/imports/new/basys3.xdc:59]
CRITICAL WARNING: [Common 17-55] 'set_property' expects at least one object. [/media/deepraj/Work/workspace/Lecture/Hardwar_security/homework/rotate/rotate.srcs/constrs_2/imports/new/basys3.xdc:59]
Resolution: If [get_<value>] was used to populate the object, check to make sure this command returns at least one valid object.
WARNING: [Vivado 12-584] No ports matched 'LED[6]'. [/media/deepraj/Work/workspace/Lecture/Hardwar_security/homework/rotate/rotate.srcs/constrs_2/imports/new/basys3.xdc:60]
CRITICAL WARNING: [Common 17-55] 'set_property' expects at least one object. [/media/deepraj/Work/workspace/Lecture/Hardwar_security/homework/rotate/rotate.srcs/constrs_2/imports/new/basys3.xdc:60]
Resolution: If [get_<value>] was used to populate the object, check to make sure this command returns at least one valid object.
WARNING: [Vivado 12-584] No ports matched 'LED[7]'. [/media/deepraj/Work/workspace/Lecture/Hardwar_security/homework/rotate/rotate.srcs/constrs_2/imports/new/basys3.xdc:61]
CRITICAL WARNING: [Common 17-55] 'set_property' expects at least one object. [/media/deepraj/Work/workspace/Lecture/Hardwar_security/homework/rotate/rotate.srcs/constrs_2/imports/new/basys3.xdc:61]
Resolution: If [get_<value>] was used to populate the object, check to make sure this command returns at least one valid object.
WARNING: [Vivado 12-584] No ports matched 'LED[7]'. [/media/deepraj/Work/workspace/Lecture/Hardwar_security/homework/rotate/rotate.srcs/constrs_2/imports/new/basys3.xdc:62]
CRITICAL WARNING: [Common 17-55] 'set_property' expects at least one object. [/media/deepraj/Work/workspace/Lecture/Hardwar_security/homework/rotate/rotate.srcs/constrs_2/imports/new/basys3.xdc:62]
Resolution: If [get_<value>] was used to populate the object, check to make sure this command returns at least one valid object.
WARNING: [Vivado 12-584] No ports matched 'LED[8]'. [/media/deepraj/Work/workspace/Lecture/Hardwar_security/homework/rotate/rotate.srcs/constrs_2/imports/new/basys3.xdc:63]
CRITICAL WARNING: [Common 17-55] 'set_property' expects at least one object. [/media/deepraj/Work/workspace/Lecture/Hardwar_security/homework/rotate/rotate.srcs/constrs_2/imports/new/basys3.xdc:63]
Resolution: If [get_<value>] was used to populate the object, check to make sure this command returns at least one valid object.
WARNING: [Vivado 12-584] No ports matched 'LED[8]'. [/media/deepraj/Work/workspace/Lecture/Hardwar_security/homework/rotate/rotate.srcs/constrs_2/imports/new/basys3.xdc:64]
CRITICAL WARNING: [Common 17-55] 'set_property' expects at least one object. [/media/deepraj/Work/workspace/Lecture/Hardwar_security/homework/rotate/rotate.srcs/constrs_2/imports/new/basys3.xdc:64]
Resolution: If [get_<value>] was used to populate the object, check to make sure this command returns at least one valid object.
WARNING: [Vivado 12-584] No ports matched 'LED[9]'. [/media/deepraj/Work/workspace/Lecture/Hardwar_security/homework/rotate/rotate.srcs/constrs_2/imports/new/basys3.xdc:65]
CRITICAL WARNING: [Common 17-55] 'set_property' expects at least one object. [/media/deepraj/Work/workspace/Lecture/Hardwar_security/homework/rotate/rotate.srcs/constrs_2/imports/new/basys3.xdc:65]
Resolution: If [get_<value>] was used to populate the object, check to make sure this command returns at least one valid object.
WARNING: [Vivado 12-584] No ports matched 'LED[9]'. [/media/deepraj/Work/workspace/Lecture/Hardwar_security/homework/rotate/rotate.srcs/constrs_2/imports/new/basys3.xdc:66]
CRITICAL WARNING: [Common 17-55] 'set_property' expects at least one object. [/media/deepraj/Work/workspace/Lecture/Hardwar_security/homework/rotate/rotate.srcs/constrs_2/imports/new/basys3.xdc:66]
Resolution: If [get_<value>] was used to populate the object, check to make sure this command returns at least one valid object.
WARNING: [Vivado 12-584] No ports matched 'LED[10]'. [/media/deepraj/Work/workspace/Lecture/Hardwar_security/homework/rotate/rotate.srcs/constrs_2/imports/new/basys3.xdc:67]
CRITICAL WARNING: [Common 17-55] 'set_property' expects at least one object. [/media/deepraj/Work/workspace/Lecture/Hardwar_security/homework/rotate/rotate.srcs/constrs_2/imports/new/basys3.xdc:67]
Resolution: If [get_<value>] was used to populate the object, check to make sure this command returns at least one valid object.
WARNING: [Vivado 12-584] No ports matched 'LED[10]'. [/media/deepraj/Work/workspace/Lecture/Hardwar_security/homework/rotate/rotate.srcs/constrs_2/imports/new/basys3.xdc:68]
CRITICAL WARNING: [Common 17-55] 'set_property' expects at least one object. [/media/deepraj/Work/workspace/Lecture/Hardwar_security/homework/rotate/rotate.srcs/constrs_2/imports/new/basys3.xdc:68]
Resolution: If [get_<value>] was used to populate the object, check to make sure this command returns at least one valid object.
WARNING: [Vivado 12-584] No ports matched 'LED[11]'. [/media/deepraj/Work/workspace/Lecture/Hardwar_security/homework/rotate/rotate.srcs/constrs_2/imports/new/basys3.xdc:69]
CRITICAL WARNING: [Common 17-55] 'set_property' expects at least one object. [/media/deepraj/Work/workspace/Lecture/Hardwar_security/homework/rotate/rotate.srcs/constrs_2/imports/new/basys3.xdc:69]
Resolution: If [get_<value>] was used to populate the object, check to make sure this command returns at least one valid object.
WARNING: [Vivado 12-584] No ports matched 'LED[11]'. [/media/deepraj/Work/workspace/Lecture/Hardwar_security/homework/rotate/rotate.srcs/constrs_2/imports/new/basys3.xdc:70]
CRITICAL WARNING: [Common 17-55] 'set_property' expects at least one object. [/media/deepraj/Work/workspace/Lecture/Hardwar_security/homework/rotate/rotate.srcs/constrs_2/imports/new/basys3.xdc:70]
Resolution: If [get_<value>] was used to populate the object, check to make sure this command returns at least one valid object.
WARNING: [Vivado 12-584] No ports matched 'LED[12]'. [/media/deepraj/Work/workspace/Lecture/Hardwar_security/homework/rotate/rotate.srcs/constrs_2/imports/new/basys3.xdc:71]
CRITICAL WARNING: [Common 17-55] 'set_property' expects at least one object. [/media/deepraj/Work/workspace/Lecture/Hardwar_security/homework/rotate/rotate.srcs/constrs_2/imports/new/basys3.xdc:71]
Resolution: If [get_<value>] was used to populate the object, check to make sure this command returns at least one valid object.
WARNING: [Vivado 12-584] No ports matched 'LED[12]'. [/media/deepraj/Work/workspace/Lecture/Hardwar_security/homework/rotate/rotate.srcs/constrs_2/imports/new/basys3.xdc:72]
CRITICAL WARNING: [Common 17-55] 'set_property' expects at least one object. [/media/deepraj/Work/workspace/Lecture/Hardwar_security/homework/rotate/rotate.srcs/constrs_2/imports/new/basys3.xdc:72]
Resolution: If [get_<value>] was used to populate the object, check to make sure this command returns at least one valid object.
WARNING: [Vivado 12-584] No ports matched 'LED[13]'. [/media/deepraj/Work/workspace/Lecture/Hardwar_security/homework/rotate/rotate.srcs/constrs_2/imports/new/basys3.xdc:73]
CRITICAL WARNING: [Common 17-55] 'set_property' expects at least one object. [/media/deepraj/Work/workspace/Lecture/Hardwar_security/homework/rotate/rotate.srcs/constrs_2/imports/new/basys3.xdc:73]
Resolution: If [get_<value>] was used to populate the object, check to make sure this command returns at least one valid object.
WARNING: [Vivado 12-584] No ports matched 'LED[13]'. [/media/deepraj/Work/workspace/Lecture/Hardwar_security/homework/rotate/rotate.srcs/constrs_2/imports/new/basys3.xdc:74]
CRITICAL WARNING: [Common 17-55] 'set_property' expects at least one object. [/media/deepraj/Work/workspace/Lecture/Hardwar_security/homework/rotate/rotate.srcs/constrs_2/imports/new/basys3.xdc:74]
Resolution: If [get_<value>] was used to populate the object, check to make sure this command returns at least one valid object.
WARNING: [Vivado 12-584] No ports matched 'LED[14]'. [/media/deepraj/Work/workspace/Lecture/Hardwar_security/homework/rotate/rotate.srcs/constrs_2/imports/new/basys3.xdc:75]
CRITICAL WARNING: [Common 17-55] 'set_property' expects at least one object. [/media/deepraj/Work/workspace/Lecture/Hardwar_security/homework/rotate/rotate.srcs/constrs_2/imports/new/basys3.xdc:75]
Resolution: If [get_<value>] was used to populate the object, check to make sure this command returns at least one valid object.
WARNING: [Vivado 12-584] No ports matched 'LED[14]'. [/media/deepraj/Work/workspace/Lecture/Hardwar_security/homework/rotate/rotate.srcs/constrs_2/imports/new/basys3.xdc:76]
CRITICAL WARNING: [Common 17-55] 'set_property' expects at least one object. [/media/deepraj/Work/workspace/Lecture/Hardwar_security/homework/rotate/rotate.srcs/constrs_2/imports/new/basys3.xdc:76]
Resolution: If [get_<value>] was used to populate the object, check to make sure this command returns at least one valid object.
WARNING: [Vivado 12-584] No ports matched 'LED[15]'. [/media/deepraj/Work/workspace/Lecture/Hardwar_security/homework/rotate/rotate.srcs/constrs_2/imports/new/basys3.xdc:77]
CRITICAL WARNING: [Common 17-55] 'set_property' expects at least one object. [/media/deepraj/Work/workspace/Lecture/Hardwar_security/homework/rotate/rotate.srcs/constrs_2/imports/new/basys3.xdc:77]
Resolution: If [get_<value>] was used to populate the object, check to make sure this command returns at least one valid object.
WARNING: [Vivado 12-584] No ports matched 'LED[15]'. [/media/deepraj/Work/workspace/Lecture/Hardwar_security/homework/rotate/rotate.srcs/constrs_2/imports/new/basys3.xdc:78]
CRITICAL WARNING: [Common 17-55] 'set_property' expects at least one object. [/media/deepraj/Work/workspace/Lecture/Hardwar_security/homework/rotate/rotate.srcs/constrs_2/imports/new/basys3.xdc:78]
Resolution: If [get_<value>] was used to populate the object, check to make sure this command returns at least one valid object.
WARNING: [Vivado 12-584] No ports matched 'seg[0]'. [/media/deepraj/Work/workspace/Lecture/Hardwar_security/homework/rotate/rotate.srcs/constrs_2/imports/new/basys3.xdc:82]
CRITICAL WARNING: [Common 17-55] 'set_property' expects at least one object. [/media/deepraj/Work/workspace/Lecture/Hardwar_security/homework/rotate/rotate.srcs/constrs_2/imports/new/basys3.xdc:82]
Resolution: If [get_<value>] was used to populate the object, check to make sure this command returns at least one valid object.
WARNING: [Vivado 12-584] No ports matched 'seg[0]'. [/media/deepraj/Work/workspace/Lecture/Hardwar_security/homework/rotate/rotate.srcs/constrs_2/imports/new/basys3.xdc:83]
CRITICAL WARNING: [Common 17-55] 'set_property' expects at least one object. [/media/deepraj/Work/workspace/Lecture/Hardwar_security/homework/rotate/rotate.srcs/constrs_2/imports/new/basys3.xdc:83]
Resolution: If [get_<value>] was used to populate the object, check to make sure this command returns at least one valid object.
WARNING: [Vivado 12-584] No ports matched 'seg[1]'. [/media/deepraj/Work/workspace/Lecture/Hardwar_security/homework/rotate/rotate.srcs/constrs_2/imports/new/basys3.xdc:84]
CRITICAL WARNING: [Common 17-55] 'set_property' expects at least one object. [/media/deepraj/Work/workspace/Lecture/Hardwar_security/homework/rotate/rotate.srcs/constrs_2/imports/new/basys3.xdc:84]
Resolution: If [get_<value>] was used to populate the object, check to make sure this command returns at least one valid object.
WARNING: [Vivado 12-584] No ports matched 'seg[1]'. [/media/deepraj/Work/workspace/Lecture/Hardwar_security/homework/rotate/rotate.srcs/constrs_2/imports/new/basys3.xdc:85]
CRITICAL WARNING: [Common 17-55] 'set_property' expects at least one object. [/media/deepraj/Work/workspace/Lecture/Hardwar_security/homework/rotate/rotate.srcs/constrs_2/imports/new/basys3.xdc:85]
Resolution: If [get_<value>] was used to populate the object, check to make sure this command returns at least one valid object.
WARNING: [Vivado 12-584] No ports matched 'seg[2]'. [/media/deepraj/Work/workspace/Lecture/Hardwar_security/homework/rotate/rotate.srcs/constrs_2/imports/new/basys3.xdc:86]
CRITICAL WARNING: [Common 17-55] 'set_property' expects at least one object. [/media/deepraj/Work/workspace/Lecture/Hardwar_security/homework/rotate/rotate.srcs/constrs_2/imports/new/basys3.xdc:86]
Resolution: If [get_<value>] was used to populate the object, check to make sure this command returns at least one valid object.
WARNING: [Vivado 12-584] No ports matched 'seg[2]'. [/media/deepraj/Work/workspace/Lecture/Hardwar_security/homework/rotate/rotate.srcs/constrs_2/imports/new/basys3.xdc:87]
CRITICAL WARNING: [Common 17-55] 'set_property' expects at least one object. [/media/deepraj/Work/workspace/Lecture/Hardwar_security/homework/rotate/rotate.srcs/constrs_2/imports/new/basys3.xdc:87]
Resolution: If [get_<value>] was used to populate the object, check to make sure this command returns at least one valid object.
WARNING: [Vivado 12-584] No ports matched 'seg[3]'. [/media/deepraj/Work/workspace/Lecture/Hardwar_security/homework/rotate/rotate.srcs/constrs_2/imports/new/basys3.xdc:88]
CRITICAL WARNING: [Common 17-55] 'set_property' expects at least one object. [/media/deepraj/Work/workspace/Lecture/Hardwar_security/homework/rotate/rotate.srcs/constrs_2/imports/new/basys3.xdc:88]
Resolution: If [get_<value>] was used to populate the object, check to make sure this command returns at least one valid object.
WARNING: [Vivado 12-584] No ports matched 'seg[3]'. [/media/deepraj/Work/workspace/Lecture/Hardwar_security/homework/rotate/rotate.srcs/constrs_2/imports/new/basys3.xdc:89]
CRITICAL WARNING: [Common 17-55] 'set_property' expects at least one object. [/media/deepraj/Work/workspace/Lecture/Hardwar_security/homework/rotate/rotate.srcs/constrs_2/imports/new/basys3.xdc:89]
Resolution: If [get_<value>] was used to populate the object, check to make sure this command returns at least one valid object.
WARNING: [Vivado 12-584] No ports matched 'seg[4]'. [/media/deepraj/Work/workspace/Lecture/Hardwar_security/homework/rotate/rotate.srcs/constrs_2/imports/new/basys3.xdc:90]
CRITICAL WARNING: [Common 17-55] 'set_property' expects at least one object. [/media/deepraj/Work/workspace/Lecture/Hardwar_security/homework/rotate/rotate.srcs/constrs_2/imports/new/basys3.xdc:90]
Resolution: If [get_<value>] was used to populate the object, check to make sure this command returns at least one valid object.
WARNING: [Vivado 12-584] No ports matched 'seg[4]'. [/media/deepraj/Work/workspace/Lecture/Hardwar_security/homework/rotate/rotate.srcs/constrs_2/imports/new/basys3.xdc:91]
CRITICAL WARNING: [Common 17-55] 'set_property' expects at least one object. [/media/deepraj/Work/workspace/Lecture/Hardwar_security/homework/rotate/rotate.srcs/constrs_2/imports/new/basys3.xdc:91]
Resolution: If [get_<value>] was used to populate the object, check to make sure this command returns at least one valid object.
WARNING: [Vivado 12-584] No ports matched 'seg[5]'. [/media/deepraj/Work/workspace/Lecture/Hardwar_security/homework/rotate/rotate.srcs/constrs_2/imports/new/basys3.xdc:92]
CRITICAL WARNING: [Common 17-55] 'set_property' expects at least one object. [/media/deepraj/Work/workspace/Lecture/Hardwar_security/homework/rotate/rotate.srcs/constrs_2/imports/new/basys3.xdc:92]
Resolution: If [get_<value>] was used to populate the object, check to make sure this command returns at least one valid object.
WARNING: [Vivado 12-584] No ports matched 'seg[5]'. [/media/deepraj/Work/workspace/Lecture/Hardwar_security/homework/rotate/rotate.srcs/constrs_2/imports/new/basys3.xdc:93]
CRITICAL WARNING: [Common 17-55] 'set_property' expects at least one object. [/media/deepraj/Work/workspace/Lecture/Hardwar_security/homework/rotate/rotate.srcs/constrs_2/imports/new/basys3.xdc:93]
Resolution: If [get_<value>] was used to populate the object, check to make sure this command returns at least one valid object.
WARNING: [Vivado 12-584] No ports matched 'seg[6]'. [/media/deepraj/Work/workspace/Lecture/Hardwar_security/homework/rotate/rotate.srcs/constrs_2/imports/new/basys3.xdc:94]
CRITICAL WARNING: [Common 17-55] 'set_property' expects at least one object. [/media/deepraj/Work/workspace/Lecture/Hardwar_security/homework/rotate/rotate.srcs/constrs_2/imports/new/basys3.xdc:94]
Resolution: If [get_<value>] was used to populate the object, check to make sure this command returns at least one valid object.
WARNING: [Vivado 12-584] No ports matched 'seg[6]'. [/media/deepraj/Work/workspace/Lecture/Hardwar_security/homework/rotate/rotate.srcs/constrs_2/imports/new/basys3.xdc:95]
CRITICAL WARNING: [Common 17-55] 'set_property' expects at least one object. [/media/deepraj/Work/workspace/Lecture/Hardwar_security/homework/rotate/rotate.srcs/constrs_2/imports/new/basys3.xdc:95]
Resolution: If [get_<value>] was used to populate the object, check to make sure this command returns at least one valid object.
WARNING: [Vivado 12-584] No ports matched 'dp'. [/media/deepraj/Work/workspace/Lecture/Hardwar_security/homework/rotate/rotate.srcs/constrs_2/imports/new/basys3.xdc:97]
CRITICAL WARNING: [Common 17-55] 'set_property' expects at least one object. [/media/deepraj/Work/workspace/Lecture/Hardwar_security/homework/rotate/rotate.srcs/constrs_2/imports/new/basys3.xdc:97]
Resolution: If [get_<value>] was used to populate the object, check to make sure this command returns at least one valid object.
WARNING: [Vivado 12-584] No ports matched 'dp'. [/media/deepraj/Work/workspace/Lecture/Hardwar_security/homework/rotate/rotate.srcs/constrs_2/imports/new/basys3.xdc:98]
CRITICAL WARNING: [Common 17-55] 'set_property' expects at least one object. [/media/deepraj/Work/workspace/Lecture/Hardwar_security/homework/rotate/rotate.srcs/constrs_2/imports/new/basys3.xdc:98]
Resolution: If [get_<value>] was used to populate the object, check to make sure this command returns at least one valid object.
WARNING: [Vivado 12-584] No ports matched 'an[0]'. [/media/deepraj/Work/workspace/Lecture/Hardwar_security/homework/rotate/rotate.srcs/constrs_2/imports/new/basys3.xdc:100]
CRITICAL WARNING: [Common 17-55] 'set_property' expects at least one object. [/media/deepraj/Work/workspace/Lecture/Hardwar_security/homework/rotate/rotate.srcs/constrs_2/imports/new/basys3.xdc:100]
Resolution: If [get_<value>] was used to populate the object, check to make sure this command returns at least one valid object.
WARNING: [Vivado 12-584] No ports matched 'an[0]'. [/media/deepraj/Work/workspace/Lecture/Hardwar_security/homework/rotate/rotate.srcs/constrs_2/imports/new/basys3.xdc:101]
CRITICAL WARNING: [Common 17-55] 'set_property' expects at least one object. [/media/deepraj/Work/workspace/Lecture/Hardwar_security/homework/rotate/rotate.srcs/constrs_2/imports/new/basys3.xdc:101]
Resolution: If [get_<value>] was used to populate the object, check to make sure this command returns at least one valid object.
WARNING: [Vivado 12-584] No ports matched 'an[1]'. [/media/deepraj/Work/workspace/Lecture/Hardwar_security/homework/rotate/rotate.srcs/constrs_2/imports/new/basys3.xdc:102]
CRITICAL WARNING: [Common 17-55] 'set_property' expects at least one object. [/media/deepraj/Work/workspace/Lecture/Hardwar_security/homework/rotate/rotate.srcs/constrs_2/imports/new/basys3.xdc:102]
Resolution: If [get_<value>] was used to populate the object, check to make sure this command returns at least one valid object.
WARNING: [Vivado 12-584] No ports matched 'an[1]'. [/media/deepraj/Work/workspace/Lecture/Hardwar_security/homework/rotate/rotate.srcs/constrs_2/imports/new/basys3.xdc:103]
CRITICAL WARNING: [Common 17-55] 'set_property' expects at least one object. [/media/deepraj/Work/workspace/Lecture/Hardwar_security/homework/rotate/rotate.srcs/constrs_2/imports/new/basys3.xdc:103]
Resolution: If [get_<value>] was used to populate the object, check to make sure this command returns at least one valid object.
WARNING: [Vivado 12-584] No ports matched 'an[2]'. [/media/deepraj/Work/workspace/Lecture/Hardwar_security/homework/rotate/rotate.srcs/constrs_2/imports/new/basys3.xdc:104]
CRITICAL WARNING: [Common 17-55] 'set_property' expects at least one object. [/media/deepraj/Work/workspace/Lecture/Hardwar_security/homework/rotate/rotate.srcs/constrs_2/imports/new/basys3.xdc:104]
Resolution: If [get_<value>] was used to populate the object, check to make sure this command returns at least one valid object.
WARNING: [Vivado 12-584] No ports matched 'an[2]'. [/media/deepraj/Work/workspace/Lecture/Hardwar_security/homework/rotate/rotate.srcs/constrs_2/imports/new/basys3.xdc:105]
CRITICAL WARNING: [Common 17-55] 'set_property' expects at least one object. [/media/deepraj/Work/workspace/Lecture/Hardwar_security/homework/rotate/rotate.srcs/constrs_2/imports/new/basys3.xdc:105]
Resolution: If [get_<value>] was used to populate the object, check to make sure this command returns at least one valid object.
WARNING: [Vivado 12-584] No ports matched 'an[3]'. [/media/deepraj/Work/workspace/Lecture/Hardwar_security/homework/rotate/rotate.srcs/constrs_2/imports/new/basys3.xdc:106]
CRITICAL WARNING: [Common 17-55] 'set_property' expects at least one object. [/media/deepraj/Work/workspace/Lecture/Hardwar_security/homework/rotate/rotate.srcs/constrs_2/imports/new/basys3.xdc:106]
Resolution: If [get_<value>] was used to populate the object, check to make sure this command returns at least one valid object.
WARNING: [Vivado 12-584] No ports matched 'an[3]'. [/media/deepraj/Work/workspace/Lecture/Hardwar_security/homework/rotate/rotate.srcs/constrs_2/imports/new/basys3.xdc:107]
CRITICAL WARNING: [Common 17-55] 'set_property' expects at least one object. [/media/deepraj/Work/workspace/Lecture/Hardwar_security/homework/rotate/rotate.srcs/constrs_2/imports/new/basys3.xdc:107]
Resolution: If [get_<value>] was used to populate the object, check to make sure this command returns at least one valid object.
WARNING: [Vivado 12-584] No ports matched 'BTNU'. [/media/deepraj/Work/workspace/Lecture/Hardwar_security/homework/rotate/rotate.srcs/constrs_2/imports/new/basys3.xdc:113]
CRITICAL WARNING: [Common 17-55] 'set_property' expects at least one object. [/media/deepraj/Work/workspace/Lecture/Hardwar_security/homework/rotate/rotate.srcs/constrs_2/imports/new/basys3.xdc:113]
Resolution: If [get_<value>] was used to populate the object, check to make sure this command returns at least one valid object.
WARNING: [Vivado 12-584] No ports matched 'BTNU'. [/media/deepraj/Work/workspace/Lecture/Hardwar_security/homework/rotate/rotate.srcs/constrs_2/imports/new/basys3.xdc:114]
CRITICAL WARNING: [Common 17-55] 'set_property' expects at least one object. [/media/deepraj/Work/workspace/Lecture/Hardwar_security/homework/rotate/rotate.srcs/constrs_2/imports/new/basys3.xdc:114]
Resolution: If [get_<value>] was used to populate the object, check to make sure this command returns at least one valid object.
WARNING: [Vivado 12-584] No ports matched 'BTNL'. [/media/deepraj/Work/workspace/Lecture/Hardwar_security/homework/rotate/rotate.srcs/constrs_2/imports/new/basys3.xdc:115]
CRITICAL WARNING: [Common 17-55] 'set_property' expects at least one object. [/media/deepraj/Work/workspace/Lecture/Hardwar_security/homework/rotate/rotate.srcs/constrs_2/imports/new/basys3.xdc:115]
Resolution: If [get_<value>] was used to populate the object, check to make sure this command returns at least one valid object.
WARNING: [Vivado 12-584] No ports matched 'BTNL'. [/media/deepraj/Work/workspace/Lecture/Hardwar_security/homework/rotate/rotate.srcs/constrs_2/imports/new/basys3.xdc:116]
CRITICAL WARNING: [Common 17-55] 'set_property' expects at least one object. [/media/deepraj/Work/workspace/Lecture/Hardwar_security/homework/rotate/rotate.srcs/constrs_2/imports/new/basys3.xdc:116]
Resolution: If [get_<value>] was used to populate the object, check to make sure this command returns at least one valid object.
WARNING: [Vivado 12-584] No ports matched 'BTNR'. [/media/deepraj/Work/workspace/Lecture/Hardwar_security/homework/rotate/rotate.srcs/constrs_2/imports/new/basys3.xdc:117]
CRITICAL WARNING: [Common 17-55] 'set_property' expects at least one object. [/media/deepraj/Work/workspace/Lecture/Hardwar_security/homework/rotate/rotate.srcs/constrs_2/imports/new/basys3.xdc:117]
Resolution: If [get_<value>] was used to populate the object, check to make sure this command returns at least one valid object.
WARNING: [Vivado 12-584] No ports matched 'BTNR'. [/media/deepraj/Work/workspace/Lecture/Hardwar_security/homework/rotate/rotate.srcs/constrs_2/imports/new/basys3.xdc:118]
CRITICAL WARNING: [Common 17-55] 'set_property' expects at least one object. [/media/deepraj/Work/workspace/Lecture/Hardwar_security/homework/rotate/rotate.srcs/constrs_2/imports/new/basys3.xdc:118]
Resolution: If [get_<value>] was used to populate the object, check to make sure this command returns at least one valid object.
WARNING: [Vivado 12-584] No ports matched 'BTND'. [/media/deepraj/Work/workspace/Lecture/Hardwar_security/homework/rotate/rotate.srcs/constrs_2/imports/new/basys3.xdc:119]
CRITICAL WARNING: [Common 17-55] 'set_property' expects at least one object. [/media/deepraj/Work/workspace/Lecture/Hardwar_security/homework/rotate/rotate.srcs/constrs_2/imports/new/basys3.xdc:119]
Resolution: If [get_<value>] was used to populate the object, check to make sure this command returns at least one valid object.
WARNING: [Vivado 12-584] No ports matched 'BTND'. [/media/deepraj/Work/workspace/Lecture/Hardwar_security/homework/rotate/rotate.srcs/constrs_2/imports/new/basys3.xdc:120]
CRITICAL WARNING: [Common 17-55] 'set_property' expects at least one object. [/media/deepraj/Work/workspace/Lecture/Hardwar_security/homework/rotate/rotate.srcs/constrs_2/imports/new/basys3.xdc:120]
Resolution: If [get_<value>] was used to populate the object, check to make sure this command returns at least one valid object.
WARNING: [Vivado 12-584] No ports matched 'vauxp6'. [/media/deepraj/Work/workspace/Lecture/Hardwar_security/homework/rotate/rotate.srcs/constrs_2/imports/new/basys3.xdc:209]
CRITICAL WARNING: [Common 17-55] 'set_property' expects at least one object. [/media/deepraj/Work/workspace/Lecture/Hardwar_security/homework/rotate/rotate.srcs/constrs_2/imports/new/basys3.xdc:209]
Resolution: If [get_<value>] was used to populate the object, check to make sure this command returns at least one valid object.
WARNING: [Vivado 12-584] No ports matched 'vauxp6'. [/media/deepraj/Work/workspace/Lecture/Hardwar_security/homework/rotate/rotate.srcs/constrs_2/imports/new/basys3.xdc:210]
CRITICAL WARNING: [Common 17-55] 'set_property' expects at least one object. [/media/deepraj/Work/workspace/Lecture/Hardwar_security/homework/rotate/rotate.srcs/constrs_2/imports/new/basys3.xdc:210]
Resolution: If [get_<value>] was used to populate the object, check to make sure this command returns at least one valid object.
WARNING: [Vivado 12-584] No ports matched 'vauxp14'. [/media/deepraj/Work/workspace/Lecture/Hardwar_security/homework/rotate/rotate.srcs/constrs_2/imports/new/basys3.xdc:212]
CRITICAL WARNING: [Common 17-55] 'set_property' expects at least one object. [/media/deepraj/Work/workspace/Lecture/Hardwar_security/homework/rotate/rotate.srcs/constrs_2/imports/new/basys3.xdc:212]
Resolution: If [get_<value>] was used to populate the object, check to make sure this command returns at least one valid object.
WARNING: [Vivado 12-584] No ports matched 'vauxp14'. [/media/deepraj/Work/workspace/Lecture/Hardwar_security/homework/rotate/rotate.srcs/constrs_2/imports/new/basys3.xdc:213]
CRITICAL WARNING: [Common 17-55] 'set_property' expects at least one object. [/media/deepraj/Work/workspace/Lecture/Hardwar_security/homework/rotate/rotate.srcs/constrs_2/imports/new/basys3.xdc:213]
Resolution: If [get_<value>] was used to populate the object, check to make sure this command returns at least one valid object.
WARNING: [Vivado 12-584] No ports matched 'vauxp7'. [/media/deepraj/Work/workspace/Lecture/Hardwar_security/homework/rotate/rotate.srcs/constrs_2/imports/new/basys3.xdc:215]
CRITICAL WARNING: [Common 17-55] 'set_property' expects at least one object. [/media/deepraj/Work/workspace/Lecture/Hardwar_security/homework/rotate/rotate.srcs/constrs_2/imports/new/basys3.xdc:215]
Resolution: If [get_<value>] was used to populate the object, check to make sure this command returns at least one valid object.
WARNING: [Vivado 12-584] No ports matched 'vauxp7'. [/media/deepraj/Work/workspace/Lecture/Hardwar_security/homework/rotate/rotate.srcs/constrs_2/imports/new/basys3.xdc:216]
CRITICAL WARNING: [Common 17-55] 'set_property' expects at least one object. [/media/deepraj/Work/workspace/Lecture/Hardwar_security/homework/rotate/rotate.srcs/constrs_2/imports/new/basys3.xdc:216]
Resolution: If [get_<value>] was used to populate the object, check to make sure this command returns at least one valid object.
WARNING: [Vivado 12-584] No ports matched 'vauxp15'. [/media/deepraj/Work/workspace/Lecture/Hardwar_security/homework/rotate/rotate.srcs/constrs_2/imports/new/basys3.xdc:218]
CRITICAL WARNING: [Common 17-55] 'set_property' expects at least one object. [/media/deepraj/Work/workspace/Lecture/Hardwar_security/homework/rotate/rotate.srcs/constrs_2/imports/new/basys3.xdc:218]
Resolution: If [get_<value>] was used to populate the object, check to make sure this command returns at least one valid object.
WARNING: [Vivado 12-584] No ports matched 'vauxp15'. [/media/deepraj/Work/workspace/Lecture/Hardwar_security/homework/rotate/rotate.srcs/constrs_2/imports/new/basys3.xdc:219]
CRITICAL WARNING: [Common 17-55] 'set_property' expects at least one object. [/media/deepraj/Work/workspace/Lecture/Hardwar_security/homework/rotate/rotate.srcs/constrs_2/imports/new/basys3.xdc:219]
Resolution: If [get_<value>] was used to populate the object, check to make sure this command returns at least one valid object.
WARNING: [Vivado 12-584] No ports matched 'vauxn6'. [/media/deepraj/Work/workspace/Lecture/Hardwar_security/homework/rotate/rotate.srcs/constrs_2/imports/new/basys3.xdc:221]
CRITICAL WARNING: [Common 17-55] 'set_property' expects at least one object. [/media/deepraj/Work/workspace/Lecture/Hardwar_security/homework/rotate/rotate.srcs/constrs_2/imports/new/basys3.xdc:221]
Resolution: If [get_<value>] was used to populate the object, check to make sure this command returns at least one valid object.
WARNING: [Vivado 12-584] No ports matched 'vauxn6'. [/media/deepraj/Work/workspace/Lecture/Hardwar_security/homework/rotate/rotate.srcs/constrs_2/imports/new/basys3.xdc:222]
CRITICAL WARNING: [Common 17-55] 'set_property' expects at least one object. [/media/deepraj/Work/workspace/Lecture/Hardwar_security/homework/rotate/rotate.srcs/constrs_2/imports/new/basys3.xdc:222]
Resolution: If [get_<value>] was used to populate the object, check to make sure this command returns at least one valid object.
WARNING: [Vivado 12-584] No ports matched 'vauxn14'. [/media/deepraj/Work/workspace/Lecture/Hardwar_security/homework/rotate/rotate.srcs/constrs_2/imports/new/basys3.xdc:224]
CRITICAL WARNING: [Common 17-55] 'set_property' expects at least one object. [/media/deepraj/Work/workspace/Lecture/Hardwar_security/homework/rotate/rotate.srcs/constrs_2/imports/new/basys3.xdc:224]
Resolution: If [get_<value>] was used to populate the object, check to make sure this command returns at least one valid object.
WARNING: [Vivado 12-584] No ports matched 'vauxn14'. [/media/deepraj/Work/workspace/Lecture/Hardwar_security/homework/rotate/rotate.srcs/constrs_2/imports/new/basys3.xdc:225]
CRITICAL WARNING: [Common 17-55] 'set_property' expects at least one object. [/media/deepraj/Work/workspace/Lecture/Hardwar_security/homework/rotate/rotate.srcs/constrs_2/imports/new/basys3.xdc:225]
Resolution: If [get_<value>] was used to populate the object, check to make sure this command returns at least one valid object.
WARNING: [Vivado 12-584] No ports matched 'vauxn7'. [/media/deepraj/Work/workspace/Lecture/Hardwar_security/homework/rotate/rotate.srcs/constrs_2/imports/new/basys3.xdc:227]
CRITICAL WARNING: [Common 17-55] 'set_property' expects at least one object. [/media/deepraj/Work/workspace/Lecture/Hardwar_security/homework/rotate/rotate.srcs/constrs_2/imports/new/basys3.xdc:227]
Resolution: If [get_<value>] was used to populate the object, check to make sure this command returns at least one valid object.
WARNING: [Vivado 12-584] No ports matched 'vauxn7'. [/media/deepraj/Work/workspace/Lecture/Hardwar_security/homework/rotate/rotate.srcs/constrs_2/imports/new/basys3.xdc:228]
CRITICAL WARNING: [Common 17-55] 'set_property' expects at least one object. [/media/deepraj/Work/workspace/Lecture/Hardwar_security/homework/rotate/rotate.srcs/constrs_2/imports/new/basys3.xdc:228]
Resolution: If [get_<value>] was used to populate the object, check to make sure this command returns at least one valid object.
WARNING: [Vivado 12-584] No ports matched 'vauxn15'. [/media/deepraj/Work/workspace/Lecture/Hardwar_security/homework/rotate/rotate.srcs/constrs_2/imports/new/basys3.xdc:230]
CRITICAL WARNING: [Common 17-55] 'set_property' expects at least one object. [/media/deepraj/Work/workspace/Lecture/Hardwar_security/homework/rotate/rotate.srcs/constrs_2/imports/new/basys3.xdc:230]
Resolution: If [get_<value>] was used to populate the object, check to make sure this command returns at least one valid object.
WARNING: [Vivado 12-584] No ports matched 'vauxn15'. [/media/deepraj/Work/workspace/Lecture/Hardwar_security/homework/rotate/rotate.srcs/constrs_2/imports/new/basys3.xdc:231]
CRITICAL WARNING: [Common 17-55] 'set_property' expects at least one object. [/media/deepraj/Work/workspace/Lecture/Hardwar_security/homework/rotate/rotate.srcs/constrs_2/imports/new/basys3.xdc:231]
Resolution: If [get_<value>] was used to populate the object, check to make sure this command returns at least one valid object.
Finished Parsing XDC File [/media/deepraj/Work/workspace/Lecture/Hardwar_security/homework/rotate/rotate.srcs/constrs_2/imports/new/basys3.xdc]
INFO: [Opt 31-138] Pushed 0 inverter(s) to 0 load pin(s).
INFO: [Project 1-111] Unisim Transformation Summary:
No Unisim elements were transformed.

7 Infos, 84 Warnings, 84 Critical Warnings and 0 Errors encountered.
link_design completed successfully
link_design: Time (s): cpu = 00:00:09 ; elapsed = 00:00:20 . Memory (MB): peak = 1515.977 ; gain = 330.398 ; free physical = 406 ; free virtual = 8818
Command: opt_design
Attempting to get a license for feature 'Implementation' and/or device 'xc7a35t'
INFO: [Common 17-349] Got license for feature 'Implementation' and/or device 'xc7a35t'
Running DRC as a precondition to command opt_design

Starting DRC Task
INFO: [DRC 23-27] Running DRC with 8 threads
INFO: [Project 1-461] DRC finished with 0 Errors
INFO: [Project 1-462] Please refer to the DRC report (report_drc) for more information.

Time (s): cpu = 00:00:02 ; elapsed = 00:00:01 . Memory (MB): peak = 1605.008 ; gain = 89.031 ; free physical = 395 ; free virtual = 8808
INFO: [Timing 38-35] Done setting XDC timing constraints.

Starting Logic Optimization Task

Phase 1 Retarget
INFO: [Opt 31-138] Pushed 0 inverter(s) to 0 load pin(s).
INFO: [Opt 31-49] Retargeted 0 cell(s).
Phase 1 Retarget | Checksum: 174c803d4

Time (s): cpu = 00:00:00.03 ; elapsed = 00:00:00.03 . Memory (MB): peak = 2054.438 ; gain = 0.000 ; free physical = 184 ; free virtual = 8440
INFO: [Opt 31-389] Phase Retarget created 0 cells and removed 0 cells

Phase 2 Constant propagation
INFO: [Opt 31-138] Pushed 0 inverter(s) to 0 load pin(s).
Phase 2 Constant propagation | Checksum: 174c803d4

Time (s): cpu = 00:00:00.05 ; elapsed = 00:00:00.05 . Memory (MB): peak = 2054.438 ; gain = 0.000 ; free physical = 186 ; free virtual = 8443
INFO: [Opt 31-389] Phase Constant propagation created 0 cells and removed 0 cells

Phase 3 Sweep
Phase 3 Sweep | Checksum: 21c6e3d92

Time (s): cpu = 00:00:00.05 ; elapsed = 00:00:00.05 . Memory (MB): peak = 2054.438 ; gain = 0.000 ; free physical = 190 ; free virtual = 8444
INFO: [Opt 31-389] Phase Sweep created 0 cells and removed 2 cells

Phase 4 BUFG optimization
Phase 4 BUFG optimization | Checksum: 21c6e3d92

Time (s): cpu = 00:00:00.06 ; elapsed = 00:00:00.06 . Memory (MB): peak = 2054.438 ; gain = 0.000 ; free physical = 190 ; free virtual = 8444
INFO: [Opt 31-389] Phase BUFG optimization created 0 cells and removed 0 cells

Phase 5 Shift Register Optimization
Phase 5 Shift Register Optimization | Checksum: 21c6e3d92

Time (s): cpu = 00:00:00.06 ; elapsed = 00:00:00.07 . Memory (MB): peak = 2054.438 ; gain = 0.000 ; free physical = 190 ; free virtual = 8444
INFO: [Opt 31-389] Phase Shift Register Optimization created 0 cells and removed 0 cells

Starting Connectivity Check Task

Time (s): cpu = 00:00:00 ; elapsed = 00:00:00 . Memory (MB): peak = 2054.438 ; gain = 0.000 ; free physical = 190 ; free virtual = 8444
Ending Logic Optimization Task | Checksum: 21c6e3d92

Time (s): cpu = 00:00:00.07 ; elapsed = 00:00:00.07 . Memory (MB): peak = 2054.438 ; gain = 0.000 ; free physical = 190 ; free virtual = 8444

Starting Power Optimization Task
INFO: [Pwropt 34-132] Skipping clock gating for clocks with a period < 2.00 ns.
Ending Power Optimization Task | Checksum: 1202762d0

Time (s): cpu = 00:00:00.02 ; elapsed = 00:00:00.04 . Memory (MB): peak = 2054.438 ; gain = 0.000 ; free physical = 188 ; free virtual = 8442
INFO: [Common 17-83] Releasing license: Implementation
22 Infos, 84 Warnings, 84 Critical Warnings and 0 Errors encountered.
opt_design completed successfully
opt_design: Time (s): cpu = 00:00:14 ; elapsed = 00:00:27 . Memory (MB): peak = 2054.438 ; gain = 538.461 ; free physical = 188 ; free virtual = 8442
Writing placer database...
Writing XDEF routing.
Writing XDEF routing logical nets.
Writing XDEF routing special nets.
Write XDEF Complete: Time (s): cpu = 00:00:00.10 ; elapsed = 00:00:00.13 . Memory (MB): peak = 2078.449 ; gain = 0.000 ; free physical = 199 ; free virtual = 8439
INFO: [Common 17-1381] The checkpoint '/media/deepraj/Work/workspace/Lecture/Hardwar_security/homework/rotate/rotate.runs/impl_1/rotate_fpga_opt.dcp' has been generated.
INFO: [runtcl-4] Executing : report_drc -file rotate_fpga_drc_opted.rpt -pb rotate_fpga_drc_opted.pb -rpx rotate_fpga_drc_opted.rpx
Command: report_drc -file rotate_fpga_drc_opted.rpt -pb rotate_fpga_drc_opted.pb -rpx rotate_fpga_drc_opted.rpx
INFO: [DRC 23-27] Running DRC with 8 threads
INFO: [Coretcl 2-168] The results of DRC are in file /media/deepraj/Work/workspace/Lecture/Hardwar_security/homework/rotate/rotate.runs/impl_1/rotate_fpga_drc_opted.rpt.
report_drc completed successfully
INFO: [Chipscope 16-241] No debug cores found in the current design.
Before running the implement_debug_core command, either use the Set Up Debug wizard (GUI mode)
or use the create_debug_core and connect_debug_core Tcl commands to insert debug cores into the design.
Command: place_design
Attempting to get a license for feature 'Implementation' and/or device 'xc7a35t'
INFO: [Common 17-349] Got license for feature 'Implementation' and/or device 'xc7a35t'
INFO: [DRC 23-27] Running DRC with 8 threads
INFO: [Vivado_Tcl 4-198] DRC finished with 0 Errors
INFO: [Vivado_Tcl 4-199] Please refer to the DRC report (report_drc) for more information.
Running DRC as a precondition to command place_design
INFO: [DRC 23-27] Running DRC with 8 threads
INFO: [Vivado_Tcl 4-198] DRC finished with 0 Errors
INFO: [Vivado_Tcl 4-199] Please refer to the DRC report (report_drc) for more information.

Starting Placer Task
INFO: [Place 30-611] Multithreading enabled for place_design using a maximum of 8 CPUs

Phase 1 Placer Initialization

Phase 1.1 Placer Initialization Netlist Sorting
Netlist sorting complete. Time (s): cpu = 00:00:00 ; elapsed = 00:00:00 . Memory (MB): peak = 2118.469 ; gain = 0.000 ; free physical = 378 ; free virtual = 8433
Phase 1.1 Placer Initialization Netlist Sorting | Checksum: 11a33c253

Time (s): cpu = 00:00:00.02 ; elapsed = 00:00:00.33 . Memory (MB): peak = 2118.469 ; gain = 0.000 ; free physical = 378 ; free virtual = 8433
INFO: [Timing 38-35] Done setting XDC timing constraints.
INFO: [Opt 31-138] Pushed 0 inverter(s) to 0 load pin(s).
Netlist sorting complete. Time (s): cpu = 00:00:00 ; elapsed = 00:00:00 . Memory (MB): peak = 2118.469 ; gain = 0.000 ; free physical = 379 ; free virtual = 8434

Phase 1.2 IO Placement/ Clock Placement/ Build Placer Device
INFO: [Timing 38-35] Done setting XDC timing constraints.
Phase 1.2 IO Placement/ Clock Placement/ Build Placer Device | Checksum: 1403a0802

Time (s): cpu = 00:00:01 ; elapsed = 00:00:02 . Memory (MB): peak = 2118.469 ; gain = 0.000 ; free physical = 378 ; free virtual = 8437

Phase 1.3 Build Placer Netlist Model
Phase 1.3 Build Placer Netlist Model | Checksum: 1cbffd606

Time (s): cpu = 00:00:01 ; elapsed = 00:00:02 . Memory (MB): peak = 2118.469 ; gain = 0.000 ; free physical = 375 ; free virtual = 8436

Phase 1.4 Constrain Clocks/Macros
Phase 1.4 Constrain Clocks/Macros | Checksum: 1cbffd606

Time (s): cpu = 00:00:01 ; elapsed = 00:00:02 . Memory (MB): peak = 2118.469 ; gain = 0.000 ; free physical = 375 ; free virtual = 8436
Phase 1 Placer Initialization | Checksum: 1cbffd606

Time (s): cpu = 00:00:01 ; elapsed = 00:00:02 . Memory (MB): peak = 2118.469 ; gain = 0.000 ; free physical = 375 ; free virtual = 8436

Phase 2 Global Placement
Phase 2 Global Placement | Checksum: 225c9b39f

Time (s): cpu = 00:00:11 ; elapsed = 00:00:04 . Memory (MB): peak = 2182.500 ; gain = 64.031 ; free physical = 442 ; free virtual = 8426

Phase 3 Detail Placement

Phase 3.1 Commit Multi Column Macros
Phase 3.1 Commit Multi Column Macros | Checksum: 225c9b39f

Time (s): cpu = 00:00:11 ; elapsed = 00:00:04 . Memory (MB): peak = 2182.500 ; gain = 64.031 ; free physical = 445 ; free virtual = 8425

Phase 3.2 Commit Most Macros & LUTRAMs
Phase 3.2 Commit Most Macros & LUTRAMs | Checksum: 19497e202

Time (s): cpu = 00:00:11 ; elapsed = 00:00:04 . Memory (MB): peak = 2182.500 ; gain = 64.031 ; free physical = 449 ; free virtual = 8427

Phase 3.3 Area Swap Optimization
Phase 3.3 Area Swap Optimization | Checksum: 13270422f

Time (s): cpu = 00:00:12 ; elapsed = 00:00:04 . Memory (MB): peak = 2182.500 ; gain = 64.031 ; free physical = 455 ; free virtual = 8433

Phase 3.4 Pipeline Register Optimization
Phase 3.4 Pipeline Register Optimization | Checksum: 13270422f

Time (s): cpu = 00:00:12 ; elapsed = 00:00:04 . Memory (MB): peak = 2182.500 ; gain = 64.031 ; free physical = 455 ; free virtual = 8433

Phase 3.5 Small Shape Detail Placement
Phase 3.5 Small Shape Detail Placement | Checksum: 14a755786

Time (s): cpu = 00:00:12 ; elapsed = 00:00:05 . Memory (MB): peak = 2182.500 ; gain = 64.031 ; free physical = 476 ; free virtual = 8420

Phase 3.6 Re-assign LUT pins
Phase 3.6 Re-assign LUT pins | Checksum: 213a8a4b4

Time (s): cpu = 00:00:12 ; elapsed = 00:00:05 . Memory (MB): peak = 2182.500 ; gain = 64.031 ; free physical = 476 ; free virtual = 8420

Phase 3.7 Pipeline Register Optimization
Phase 3.7 Pipeline Register Optimization | Checksum: 213a8a4b4

Time (s): cpu = 00:00:12 ; elapsed = 00:00:05 . Memory (MB): peak = 2182.500 ; gain = 64.031 ; free physical = 476 ; free virtual = 8420
Phase 3 Detail Placement | Checksum: 213a8a4b4

Time (s): cpu = 00:00:12 ; elapsed = 00:00:05 . Memory (MB): peak = 2182.500 ; gain = 64.031 ; free physical = 476 ; free virtual = 8420

Phase 4 Post Placement Optimization and Clean-Up

Phase 4.1 Post Commit Optimization
INFO: [Timing 38-35] Done setting XDC timing constraints.

Phase 4.1.1 Post Placement Optimization
Post Placement Optimization Initialization | Checksum: 237c2c97c

Phase 4.1.1.1 BUFG Insertion
INFO: [Physopt 32-721] Multithreading enabled for phys_opt_design using a maximum of 8 CPUs
INFO: [Place 46-31] BUFG insertion identified 0 candidate nets, 0 success, 0 skipped for placement/routing, 0 skipped for timing, 0 skipped for netlist change reason.
Phase 4.1.1.1 BUFG Insertion | Checksum: 237c2c97c

Time (s): cpu = 00:00:12 ; elapsed = 00:00:05 . Memory (MB): peak = 2182.500 ; gain = 64.031 ; free physical = 475 ; free virtual = 8420
INFO: [Place 30-746] Post Placement Timing Summary WNS=4.614. For the most accurate timing information please run report_timing.
Phase 4.1.1 Post Placement Optimization | Checksum: 281e72872

Time (s): cpu = 00:00:12 ; elapsed = 00:00:05 . Memory (MB): peak = 2182.500 ; gain = 64.031 ; free physical = 475 ; free virtual = 8420
Phase 4.1 Post Commit Optimization | Checksum: 281e72872

Time (s): cpu = 00:00:12 ; elapsed = 00:00:05 . Memory (MB): peak = 2182.500 ; gain = 64.031 ; free physical = 475 ; free virtual = 8420

Phase 4.2 Post Placement Cleanup
Phase 4.2 Post Placement Cleanup | Checksum: 281e72872

Time (s): cpu = 00:00:12 ; elapsed = 00:00:05 . Memory (MB): peak = 2182.500 ; gain = 64.031 ; free physical = 475 ; free virtual = 8421

Phase 4.3 Placer Reporting
Phase 4.3 Placer Reporting | Checksum: 281e72872

Time (s): cpu = 00:00:12 ; elapsed = 00:00:05 . Memory (MB): peak = 2182.500 ; gain = 64.031 ; free physical = 475 ; free virtual = 8421

Phase 4.4 Final Placement Cleanup
Phase 4.4 Final Placement Cleanup | Checksum: 20dd75ee3

Time (s): cpu = 00:00:12 ; elapsed = 00:00:05 . Memory (MB): peak = 2182.500 ; gain = 64.031 ; free physical = 475 ; free virtual = 8421
Phase 4 Post Placement Optimization and Clean-Up | Checksum: 20dd75ee3

Time (s): cpu = 00:00:12 ; elapsed = 00:00:05 . Memory (MB): peak = 2182.500 ; gain = 64.031 ; free physical = 475 ; free virtual = 8421
Ending Placer Task | Checksum: 117568854

Time (s): cpu = 00:00:12 ; elapsed = 00:00:05 . Memory (MB): peak = 2182.500 ; gain = 64.031 ; free physical = 483 ; free virtual = 8429
INFO: [Common 17-83] Releasing license: Implementation
43 Infos, 84 Warnings, 84 Critical Warnings and 0 Errors encountered.
place_design completed successfully
place_design: Time (s): cpu = 00:00:14 ; elapsed = 00:00:06 . Memory (MB): peak = 2182.500 ; gain = 64.031 ; free physical = 483 ; free virtual = 8429
Writing placer database...
Writing XDEF routing.
Writing XDEF routing logical nets.
Writing XDEF routing special nets.
Write XDEF Complete: Time (s): cpu = 00:00:00.08 ; elapsed = 00:00:00.31 . Memory (MB): peak = 2182.500 ; gain = 0.000 ; free physical = 481 ; free virtual = 8429
INFO: [Common 17-1381] The checkpoint '/media/deepraj/Work/workspace/Lecture/Hardwar_security/homework/rotate/rotate.runs/impl_1/rotate_fpga_placed.dcp' has been generated.
INFO: [runtcl-4] Executing : report_io -file rotate_fpga_io_placed.rpt
report_io: Time (s): cpu = 00:00:00.09 ; elapsed = 00:00:00.43 . Memory (MB): peak = 2182.500 ; gain = 0.000 ; free physical = 474 ; free virtual = 8430
INFO: [runtcl-4] Executing : report_utilization -file rotate_fpga_utilization_placed.rpt -pb rotate_fpga_utilization_placed.pb
report_utilization: Time (s): cpu = 00:00:00.08 ; elapsed = 00:00:00.31 . Memory (MB): peak = 2182.500 ; gain = 0.000 ; free physical = 469 ; free virtual = 8430
INFO: [runtcl-4] Executing : report_control_sets -file rotate_fpga_control_sets_placed.rpt
report_control_sets: Time (s): cpu = 00:00:00.07 ; elapsed = 00:00:00.11 . Memory (MB): peak = 2182.500 ; gain = 0.000 ; free physical = 472 ; free virtual = 8435
Command: route_design
Attempting to get a license for feature 'Implementation' and/or device 'xc7a35t'
INFO: [Common 17-349] Got license for feature 'Implementation' and/or device 'xc7a35t'
Running DRC as a precondition to command route_design
INFO: [DRC 23-27] Running DRC with 8 threads
INFO: [Vivado_Tcl 4-198] DRC finished with 0 Errors
INFO: [Vivado_Tcl 4-199] Please refer to the DRC report (report_drc) for more information.


Starting Routing Task
INFO: [Route 35-254] Multithreading enabled for route_design using a maximum of 8 CPUs
Checksum: PlaceDB: f909efdc ConstDB: 0 ShapeSum: 1e4c9878 RouteDB: 0

Phase 1 Build RT Design
Phase 1 Build RT Design | Checksum: ddebbeb4

Time (s): cpu = 00:00:14 ; elapsed = 00:00:12 . Memory (MB): peak = 2211.141 ; gain = 28.641 ; free physical = 326 ; free virtual = 8315
Post Restoration Checksum: NetGraph: 3e3401a1 NumContArr: 9fb7bd13 Constraints: 0 Timing: 0

Phase 2 Router Initialization

Phase 2.1 Create Timer
Phase 2.1 Create Timer | Checksum: ddebbeb4

Time (s): cpu = 00:00:14 ; elapsed = 00:00:12 . Memory (MB): peak = 2211.141 ; gain = 28.641 ; free physical = 325 ; free virtual = 8315

Phase 2.2 Fix Topology Constraints
Phase 2.2 Fix Topology Constraints | Checksum: ddebbeb4

Time (s): cpu = 00:00:14 ; elapsed = 00:00:12 . Memory (MB): peak = 2211.141 ; gain = 28.641 ; free physical = 293 ; free virtual = 8284

Phase 2.3 Pre Route Cleanup
Phase 2.3 Pre Route Cleanup | Checksum: ddebbeb4

Time (s): cpu = 00:00:14 ; elapsed = 00:00:12 . Memory (MB): peak = 2211.141 ; gain = 28.641 ; free physical = 293 ; free virtual = 8285
 Number of Nodes with overlaps = 0

Phase 2.4 Update Timing
Phase 2.4 Update Timing | Checksum: 1ae9aba50

Time (s): cpu = 00:00:15 ; elapsed = 00:00:12 . Memory (MB): peak = 2211.141 ; gain = 28.641 ; free physical = 285 ; free virtual = 8277
INFO: [Route 35-416] Intermediate Timing Summary | WNS=4.618  | TNS=0.000  | WHS=-0.144 | THS=-2.128 |

Phase 2 Router Initialization | Checksum: 1b309aa46

Time (s): cpu = 00:00:15 ; elapsed = 00:00:12 . Memory (MB): peak = 2211.141 ; gain = 28.641 ; free physical = 285 ; free virtual = 8277

Phase 3 Initial Routing
Phase 3 Initial Routing | Checksum: 12ea4f7da

Time (s): cpu = 00:00:16 ; elapsed = 00:00:12 . Memory (MB): peak = 2211.141 ; gain = 28.641 ; free physical = 286 ; free virtual = 8278

Phase 4 Rip-up And Reroute

Phase 4.1 Global Iteration 0
 Number of Nodes with overlaps = 37
 Number of Nodes with overlaps = 2
 Number of Nodes with overlaps = 0
INFO: [Route 35-416] Intermediate Timing Summary | WNS=4.401  | TNS=0.000  | WHS=N/A    | THS=N/A    |

Phase 4.1 Global Iteration 0 | Checksum: 169ea9ea9

Time (s): cpu = 00:00:20 ; elapsed = 00:00:13 . Memory (MB): peak = 2211.141 ; gain = 28.641 ; free physical = 284 ; free virtual = 8276
Phase 4 Rip-up And Reroute | Checksum: 169ea9ea9

Time (s): cpu = 00:00:20 ; elapsed = 00:00:13 . Memory (MB): peak = 2211.141 ; gain = 28.641 ; free physical = 284 ; free virtual = 8276

Phase 5 Delay and Skew Optimization

Phase 5.1 Delay CleanUp

Phase 5.1.1 Update Timing
Phase 5.1.1 Update Timing | Checksum: 1930e2e32

Time (s): cpu = 00:00:20 ; elapsed = 00:00:13 . Memory (MB): peak = 2211.141 ; gain = 28.641 ; free physical = 284 ; free virtual = 8276
INFO: [Route 35-416] Intermediate Timing Summary | WNS=4.493  | TNS=0.000  | WHS=N/A    | THS=N/A    |

Phase 5.1 Delay CleanUp | Checksum: 1930e2e32

Time (s): cpu = 00:00:20 ; elapsed = 00:00:13 . Memory (MB): peak = 2211.141 ; gain = 28.641 ; free physical = 284 ; free virtual = 8276

Phase 5.2 Clock Skew Optimization
Phase 5.2 Clock Skew Optimization | Checksum: 1930e2e32

Time (s): cpu = 00:00:20 ; elapsed = 00:00:13 . Memory (MB): peak = 2211.141 ; gain = 28.641 ; free physical = 284 ; free virtual = 8276
Phase 5 Delay and Skew Optimization | Checksum: 1930e2e32

Time (s): cpu = 00:00:20 ; elapsed = 00:00:13 . Memory (MB): peak = 2211.141 ; gain = 28.641 ; free physical = 284 ; free virtual = 8276

Phase 6 Post Hold Fix

Phase 6.1 Hold Fix Iter

Phase 6.1.1 Update Timing
Phase 6.1.1 Update Timing | Checksum: 1ad9b6ae5

Time (s): cpu = 00:00:20 ; elapsed = 00:00:13 . Memory (MB): peak = 2211.141 ; gain = 28.641 ; free physical = 284 ; free virtual = 8276
INFO: [Route 35-416] Intermediate Timing Summary | WNS=4.493  | TNS=0.000  | WHS=0.148  | THS=0.000  |

Phase 6.1 Hold Fix Iter | Checksum: 1bcfceb9f

Time (s): cpu = 00:00:20 ; elapsed = 00:00:13 . Memory (MB): peak = 2211.141 ; gain = 28.641 ; free physical = 284 ; free virtual = 8276
Phase 6 Post Hold Fix | Checksum: 1bcfceb9f

Time (s): cpu = 00:00:20 ; elapsed = 00:00:13 . Memory (MB): peak = 2211.141 ; gain = 28.641 ; free physical = 284 ; free virtual = 8276

Phase 7 Route finalize

Router Utilization Summary
  Global Vertical Routing Utilization    = 0.0588376 %
  Global Horizontal Routing Utilization  = 0.0572618 %
  Routable Net Status*
  *Does not include unroutable nets such as driverless and loadless.
  Run report_route_status for detailed report.
  Number of Failed Nets               = 0
  Number of Unrouted Nets             = 0
  Number of Partially Routed Nets     = 0
  Number of Node Overlaps             = 0

Phase 7 Route finalize | Checksum: 1e099a8f5

Time (s): cpu = 00:00:21 ; elapsed = 00:00:14 . Memory (MB): peak = 2211.141 ; gain = 28.641 ; free physical = 284 ; free virtual = 8276

Phase 8 Verifying routed nets

 Verification completed successfully
Phase 8 Verifying routed nets | Checksum: 1e099a8f5

Time (s): cpu = 00:00:21 ; elapsed = 00:00:14 . Memory (MB): peak = 2211.141 ; gain = 28.641 ; free physical = 284 ; free virtual = 8276

Phase 9 Depositing Routes
Phase 9 Depositing Routes | Checksum: 2562ec9a8

Time (s): cpu = 00:00:21 ; elapsed = 00:00:14 . Memory (MB): peak = 2211.141 ; gain = 28.641 ; free physical = 284 ; free virtual = 8276

Phase 10 Post Router Timing
INFO: [Route 35-57] Estimated Timing Summary | WNS=4.493  | TNS=0.000  | WHS=0.148  | THS=0.000  |

INFO: [Route 35-327] The final timing numbers are based on the router estimated timing analysis. For a complete and accurate timing signoff, please run report_timing_summary.
Phase 10 Post Router Timing | Checksum: 2562ec9a8

Time (s): cpu = 00:00:21 ; elapsed = 00:00:14 . Memory (MB): peak = 2211.141 ; gain = 28.641 ; free physical = 284 ; free virtual = 8276
INFO: [Route 35-16] Router Completed Successfully

Time (s): cpu = 00:00:21 ; elapsed = 00:00:14 . Memory (MB): peak = 2211.141 ; gain = 28.641 ; free physical = 315 ; free virtual = 8307

Routing Is Done.
INFO: [Common 17-83] Releasing license: Implementation
60 Infos, 84 Warnings, 84 Critical Warnings and 0 Errors encountered.
route_design completed successfully
route_design: Time (s): cpu = 00:00:23 ; elapsed = 00:00:15 . Memory (MB): peak = 2211.141 ; gain = 28.641 ; free physical = 315 ; free virtual = 8308
Writing placer database...
Writing XDEF routing.
Writing XDEF routing logical nets.
Writing XDEF routing special nets.
Write XDEF Complete: Time (s): cpu = 00:00:00.09 ; elapsed = 00:00:00.05 . Memory (MB): peak = 2211.141 ; gain = 0.000 ; free physical = 313 ; free virtual = 8309
INFO: [Common 17-1381] The checkpoint '/media/deepraj/Work/workspace/Lecture/Hardwar_security/homework/rotate/rotate.runs/impl_1/rotate_fpga_routed.dcp' has been generated.
INFO: [runtcl-4] Executing : report_drc -file rotate_fpga_drc_routed.rpt -pb rotate_fpga_drc_routed.pb -rpx rotate_fpga_drc_routed.rpx
Command: report_drc -file rotate_fpga_drc_routed.rpt -pb rotate_fpga_drc_routed.pb -rpx rotate_fpga_drc_routed.rpx
INFO: [DRC 23-27] Running DRC with 8 threads
INFO: [Coretcl 2-168] The results of DRC are in file /media/deepraj/Work/workspace/Lecture/Hardwar_security/homework/rotate/rotate.runs/impl_1/rotate_fpga_drc_routed.rpt.
report_drc completed successfully
INFO: [runtcl-4] Executing : report_methodology -file rotate_fpga_methodology_drc_routed.rpt -pb rotate_fpga_methodology_drc_routed.pb -rpx rotate_fpga_methodology_drc_routed.rpx
Command: report_methodology -file rotate_fpga_methodology_drc_routed.rpt -pb rotate_fpga_methodology_drc_routed.pb -rpx rotate_fpga_methodology_drc_routed.rpx
INFO: [Timing 38-35] Done setting XDC timing constraints.
INFO: [Timing 38-35] Done setting XDC timing constraints.
INFO: [DRC 23-133] Running Methodology with 8 threads
